# JRE version: OpenJDK Runtime Environment (8.0_76-b03) (build 1.8.0_76-release-b03)
# Java VM: OpenJDK 64-Bit Server VM (25.76-b03 mixed mode windows-amd64 compressed oops)
Heap:
 PSYoungGen      total 113664K, used 85283K [0x00000000eab00000, 0x00000000f5c80000, 0x0000000100000000)
  eden space 93696K, 78% used [0x00000000eab00000,0x00000000ef2606f0,0x00000000f0680000)
  from space 19968K, 61% used [0x00000000f0680000,0x00000000f1268658,0x00000000f1a00000)
  to   space 19456K, 0% used [0x00000000f4980000,0x00000000f4980000,0x00000000f5c80000)
 ParOldGen       total 106496K, used 75594K [0x00000000c0000000, 0x00000000c6800000, 0x00000000eab00000)
  object space 106496K, 70% used [0x00000000c0000000,0x00000000c49d2990,0x00000000c6800000)
 Metaspace       used 6263K, capacity 7216K, committed 7296K, reserved 1056768K
  class space    used 581K, capacity 616K, committed 640K, reserved 1048576K
GC Heap History (10 events):
Event: 37.031 GC heap before
{Heap before GC invocations=10 (full 0):
 PSYoungGen      total 53248K, used 53224K [0x00000000eab00000, 0x00000000f0b00000, 0x0000000100000000)
  eden space 39424K, 100% used [0x00000000eab00000,0x00000000ed180000,0x00000000ed180000)
  from space 13824K, 99% used [0x00000000ed180000,0x00000000edefa2f0,0x00000000edf00000)
  to   space 17408K, 0% used [0x00000000efa00000,0x00000000efa00000,0x00000000f0b00000)
 ParOldGen       total 65536K, used 49739K [0x00000000c0000000, 0x00000000c4000000, 0x00000000eab00000)
  object space 65536K, 75% used [0x00000000c0000000,0x00000000c3092ea8,0x00000000c4000000)
 Metaspace       used 6256K, capacity 7216K, committed 7296K, reserved 1056768K
  class space    used 581K, capacity 616K, committed 640K, reserved 1048576K
Event: 37.149 GC heap after
Heap after GC invocations=10 (full 0):
 PSYoungGen      total 78848K, used 17347K [0x00000000eab00000, 0x00000000f0f00000, 0x0000000100000000)
  eden space 61440K, 0% used [0x00000000eab00000,0x00000000eab00000,0x00000000ee700000)
  from space 17408K, 99% used [0x00000000efa00000,0x00000000f0af0de8,0x00000000f0b00000)
  to   space 19456K, 0% used [0x00000000ee700000,0x00000000ee700000,0x00000000efa00000)
 ParOldGen       total 65536K, used 52505K [0x00000000c0000000, 0x00000000c4000000, 0x00000000eab00000)
  object space 65536K, 80% used [0x00000000c0000000,0x00000000c33466c0,0x00000000c4000000)
 Metaspace       used 6256K, capacity 7216K, committed 7296K, reserved 1056768K
  class space    used 581K, capacity 616K, committed 640K, reserved 1048576K
}
Event: 37.565 GC heap before
{Heap before GC invocations=11 (full 0):
 PSYoungGen      total 78848K, used 78787K [0x00000000eab00000, 0x00000000f0f00000, 0x0000000100000000)
  eden space 61440K, 100% used [0x00000000eab00000,0x00000000ee700000,0x00000000ee700000)
  from space 17408K, 99% used [0x00000000efa00000,0x00000000f0af0de8,0x00000000f0b00000)
  to   space 19456K, 0% used [0x00000000ee700000,0x00000000ee700000,0x00000000efa00000)
 ParOldGen       total 65536K, used 52505K [0x00000000c0000000, 0x00000000c4000000, 0x00000000eab00000)
  object space 65536K, 80% used [0x00000000c0000000,0x00000000c33466c0,0x00000000c4000000)
 Metaspace       used 6258K, capacity 7216K, committed 7296K, reserved 1056768K
  class space    used 581K, capacity 616K, committed 640K, reserved 1048576K
Event: 37.753 GC heap after
Heap after GC invocations=11 (full 0):
 PSYoungGen      total 80896K, used 15948K [0x00000000eab00000, 0x00000000f3300000, 0x0000000100000000)
  eden space 61440K, 0% used [0x00000000eab00000,0x00000000eab00000,0x00000000ee700000)
  from space 19456K, 81% used [0x00000000ee700000,0x00000000ef693110,0x00000000efa00000)
  to   space 20480K, 0% used [0x00000000f1f00000,0x00000000f1f00000,0x00000000f3300000)
 ParOldGen       total 67072K, used 67004K [0x00000000c0000000, 0x00000000c4180000, 0x00000000eab00000)
  object space 67072K, 99% used [0x00000000c0000000,0x00000000c416f348,0x00000000c4180000)
 Metaspace       used 6258K, capacity 7216K, committed 7296K, reserved 1056768K
  class space    used 581K, capacity 616K, committed 640K, reserved 1048576K
}
Event: 37.753 GC heap before
{Heap before GC invocations=12 (full 1):
 PSYoungGen      total 80896K, used 15948K [0x00000000eab00000, 0x00000000f3300000, 0x0000000100000000)
  eden space 61440K, 0% used [0x00000000eab00000,0x00000000eab00000,0x00000000ee700000)
  from space 19456K, 81% used [0x00000000ee700000,0x00000000ef693110,0x00000000efa00000)
  to   space 20480K, 0% used [0x00000000f1f00000,0x00000000f1f00000,0x00000000f3300000)
 ParOldGen       total 67072K, used 67004K [0x00000000c0000000, 0x00000000c4180000, 0x00000000eab00000)
  object space 67072K, 99% used [0x00000000c0000000,0x00000000c416f348,0x00000000c4180000)
 Metaspace       used 6258K, capacity 7216K, committed 7296K, reserved 1056768K
  class space    used 581K, capacity 616K, committed 640K, reserved 1048576K
Event: 38.871 GC heap after
Heap after GC invocations=12 (full 1):
 PSYoungGen      total 80896K, used 0K [0x00000000eab00000, 0x00000000f3300000, 0x0000000100000000)
  eden space 61440K, 0% used [0x00000000eab00000,0x00000000eab00000,0x00000000ee700000)
  from space 19456K, 0% used [0x00000000ee700000,0x00000000ee700000,0x00000000efa00000)
  to   space 20480K, 0% used [0x00000000f1f00000,0x00000000f1f00000,0x00000000f3300000)
 ParOldGen       total 106496K, used 66340K [0x00000000c0000000, 0x00000000c6800000, 0x00000000eab00000)
  object space 106496K, 62% used [0x00000000c0000000,0x00000000c40c91f8,0x00000000c6800000)
 Metaspace       used 6258K, capacity 7216K, committed 7296K, reserved 1056768K
  class space    used 581K, capacity 616K, committed 640K, reserved 1048576K
}
Event: 39.435 GC heap before
{Heap before GC invocations=13 (full 1):
 PSYoungGen      total 80896K, used 61440K [0x00000000eab00000, 0x00000000f3300000, 0x0000000100000000)
  eden space 61440K, 100% used [0x00000000eab00000,0x00000000ee700000,0x00000000ee700000)
  from space 19456K, 0% used [0x00000000ee700000,0x00000000ee700000,0x00000000efa00000)
  to   space 20480K, 0% used [0x00000000f1f00000,0x00000000f1f00000,0x00000000f3300000)
 ParOldGen       total 106496K, used 66340K [0x00000000c0000000, 0x00000000c6800000, 0x00000000eab00000)
  object space 106496K, 62% used [0x00000000c0000000,0x00000000c40c91f8,0x00000000c6800000)
 Metaspace       used 6260K, capacity 7216K, committed 7296K, reserved 1056768K
  class space    used 581K, capacity 616K, committed 640K, reserved 1048576K
Event: 39.721 GC heap after
Heap after GC invocations=13 (full 1):
 PSYoungGen      total 108544K, used 13648K [0x00000000eab00000, 0x00000000f2d80000, 0x0000000100000000)
  eden space 93696K, 0% used [0x00000000eab00000,0x00000000eab00000,0x00000000f0680000)
  from space 14848K, 91% used [0x00000000f1f00000,0x00000000f2c540f0,0x00000000f2d80000)
  to   space 19968K, 0% used [0x00000000f0680000,0x00000000f0680000,0x00000000f1a00000)
 ParOldGen       total 106496K, used 66340K [0x00000000c0000000, 0x00000000c6800000, 0x00000000eab00000)
  object space 106496K, 62% used [0x00000000c0000000,0x00000000c40c91f8,0x00000000c6800000)
 Metaspace       used 6260K, capacity 7216K, committed 7296K, reserved 1056768K
  class space    used 581K, capacity 616K, committed 640K, reserved 1048576K
}
Event: 40.720 GC heap before
{Heap before GC invocations=14 (full 1):
 PSYoungGen      total 108544K, used 107344K [0x00000000eab00000, 0x00000000f2d80000, 0x0000000100000000)
  eden space 93696K, 100% used [0x00000000eab00000,0x00000000f0680000,0x00000000f0680000)
  from space 14848K, 91% used [0x00000000f1f00000,0x00000000f2c540f0,0x00000000f2d80000)
  to   space 19968K, 0% used [0x00000000f0680000,0x00000000f0680000,0x00000000f1a00000)
 ParOldGen       total 106496K, used 66340K [0x00000000c0000000, 0x00000000c6800000, 0x00000000eab00000)
  object space 106496K, 62% used [0x00000000c0000000,0x00000000c40c91f8,0x00000000c6800000)
 Metaspace       used 6263K, capacity 7216K, committed 7296K, reserved 1056768K
  class space    used 581K, capacity 616K, committed 640K, reserved 1048576K
Event: 40.986 GC heap after
Heap after GC invocations=14 (full 1):
 PSYoungGen      total 113664K, used 12193K [0x00000000eab00000, 0x00000000f5c80000, 0x0000000100000000)
  eden space 93696K, 0% used [0x00000000eab00000,0x00000000eab00000,0x00000000f0680000)
  from space 19968K, 61% used [0x00000000f0680000,0x00000000f1268658,0x00000000f1a00000)
  to   space 19456K, 0% used [0x00000000f4980000,0x00000000f4980000,0x00000000f5c80000)
 ParOldGen       total 106496K, used 75594K [0x00000000c0000000, 0x00000000c6800000, 0x00000000eab00000)
  object space 106496K, 70% used [0x00000000c0000000,0x00000000c49d2990,0x00000000c6800000)
 Metaspace       used 6263K, capacity 7216K, committed 7296K, reserved 1056768K
  class space    used 581K, capacity 616K, committed 640K, reserved 1048576K
}

